
[06:02:52 759]: [Bootstrap]: Приложение запущено
[06:02:52 785]: [VirtualServer]: Служба Network запускается...
[06:02:52 835]: [VirtualServer]: Служба Network успешно запущена!
[06:02:52 843]: [VirtualServer]: Служба EAC запускается...
[06:02:52 878]: [VirtualServer]: Служба EAC успешно запущена!
[06:02:52 882]: Error to Bootstrap.AddType<UServer3.Network.NetworkManager>(), Type is not have nessed SapphireType
[06:03:11 741]: [Bootstrap]: Приложение запущено
[06:03:11 957]: [VirtualServer]: Служба Network запускается...
[06:03:12 008]: [VirtualServer]: Служба Network успешно запущена!
[06:03:12 012]: [VirtualServer]: Служба EAC запускается...
[06:03:12 062]: [VirtualServer]: Служба EAC успешно запущена!
[06:03:41 858]: [Bootstrap]: Приложение запущено
[06:03:42 087]: [VirtualServer]: Служба Network запускается...
[06:03:42 137]: [VirtualServer]: Служба Network успешно запущена!
[06:03:42 139]: [VirtualServer]: Служба EAC запускается...
[06:03:42 176]: [VirtualServer]: Служба EAC успешно запущена!
[06:03:52 929]: [Bootstrap]: Приложение запущено
[06:03:53 150]: [VirtualServer]: Служба Network запускается...
[06:03:53 199]: [VirtualServer]: Служба Network успешно запущена!
[06:03:53 201]: [VirtualServer]: Служба EAC запускается...
[06:03:53 238]: [VirtualServer]: Служба EAC успешно запущена!
[06:03:53 240]: [VirtualServer]: Все службы готовы к работе!
[06:04:07 143]: [VirtualServer]: Уже есть одно подключение, больше подключений не может быть!
[06:04:47 667]: [Bootstrap]: Приложение запущено
[06:04:47 882]: [VirtualServer]: Служба Network запускается...
[06:04:47 932]: [VirtualServer]: Служба Network успешно запущена!
[06:04:47 933]: [VirtualServer]: Служба EAC запускается...
[06:04:47 971]: [VirtualServer]: Служба EAC успешно запущена!
[06:04:47 972]: [VirtualServer]: Все службы готовы к работе!
[06:04:50 704]: [VirtualServer]: Уже есть одно подключение, больше подключений не может быть!
[06:05:16 158]: [Bootstrap]: Приложение запущено
[06:05:16 385]: [VirtualServer]: Служба Network запускается...
[06:05:16 436]: [VirtualServer]: Служба Network успешно запущена!
[06:05:16 438]: [VirtualServer]: Служба EAC запускается...
[06:05:16 476]: [VirtualServer]: Служба EAC успешно запущена!
[06:05:16 477]: [VirtualServer]: Все службы готовы к работе!
[06:05:18 153]: [VirtualServer]: Уже есть одно подключение, больше подключений не может быть!
[06:05:28 474]: [Bootstrap]: Приложение запущено
[06:05:28 726]: [VirtualServer]: Служба Network запускается...
[06:05:28 779]: [VirtualServer]: Служба Network успешно запущена!
[06:05:28 781]: [VirtualServer]: Служба EAC запускается...
[06:05:28 817]: [VirtualServer]: Служба EAC успешно запущена!
[06:05:28 819]: [VirtualServer]: Все службы готовы к работе!
[06:05:33 489]: Count: 1
[06:05:33 491]: [VirtualServer]: Есть новое подключение, подключаемся к игровому серверу [127.0.0.1:28015]
[06:05:33 536]: [VirtualServer]: Инициализация подключения успешно завершена!
[06:05:33 631]: [VirtualServer]: Вы подключились к: My Oxide Server
[06:08:19 043]: [Bootstrap]: Приложение запущено
[06:08:19 269]: [VirtualServer]: Служба Network запускается...
[06:08:19 319]: [VirtualServer]: Служба Network успешно запущена!
[06:08:19 320]: [VirtualServer]: Служба EAC запускается...
[06:08:19 358]: [VirtualServer]: Служба EAC успешно запущена!
[06:08:19 359]: [VirtualServer]: Все службы готовы к работе!
[06:08:22 211]: Count: 1
[06:08:22 213]: [VirtualServer]: Есть новое подключение, подключаемся к игровому серверу [127.0.0.1:28015]
[06:08:22 257]: [VirtualServer]: Инициализация подключения успешно завершена!
[06:08:22 350]: [VirtualServer]: Вы подключились к: My Oxide Server
[06:08:38 092]: [Bootstrap]: Приложение запущено
[06:08:38 328]: [VirtualServer]: Служба Network запускается...
[06:08:38 379]: [VirtualServer]: Служба Network успешно запущена!
[06:08:38 381]: [VirtualServer]: Служба EAC запускается...
[06:08:38 418]: [VirtualServer]: Служба EAC успешно запущена!
[06:08:38 419]: [VirtualServer]: Все службы готовы к работе!
[06:08:40 199]: Count: 1
[06:08:40 200]: [VirtualServer]: Есть новое подключение [127.0.0.1:57354]
[06:08:40 202]: [VirtualServer]: Подключаемся к игровому серверу [127.0.0.1:28015]
[06:08:40 246]: [VirtualServer]: Инициализация подключения успешно завершена!
[06:08:40 349]: [VirtualServer]: Вы подключились к: My Oxide Server